<?xml version="1.0" encoding="UTF-8" ?>
<testsuite tests="2" failures="0" name="cn.edu.hfut.dmic.webcollector.util.CharsetDetectorTest" time="0.145" errors="0" skipped="0">
  <properties>
    <property name="java.runtime.name" value="Java(TM) SE Runtime Environment"/>
    <property name="sun.boot.library.path" value="/Library/Java/JavaVirtualMachines/jdk1.8.0_40.jdk/Contents/Home/jre/lib"/>
    <property name="java.vm.version" value="25.40-b25"/>
    <property name="gopherProxySet" value="false"/>
    <property name="java.vm.vendor" value="Oracle Corporation"/>
    <property name="java.vendor.url" value="http://java.oracle.com/"/>
    <property name="path.separator" value=":"/>
    <property name="java.vm.name" value="Java HotSpot(TM) 64-Bit Server VM"/>
    <property name="file.encoding.pkg" value="sun.io"/>
    <property name="user.country" value="CN"/>
    <property name="sun.java.launcher" value="SUN_STANDARD"/>
    <property name="sun.os.patch.level" value="unknown"/>
    <property name="java.vm.specification.name" value="Java Virtual Machine Specification"/>
    <property name="user.dir" value="/Users/zhongxiang/Documents/workspace/WebCollector"/>
    <property name="java.runtime.version" value="1.8.0_40-b27"/>
    <property name="java.awt.graphicsenv" value="sun.awt.CGraphicsEnvironment"/>
    <property name="basedir" value="/Users/zhongxiang/Documents/workspace/WebCollector"/>
    <property name="java.endorsed.dirs" value="/Library/Java/JavaVirtualMachines/jdk1.8.0_40.jdk/Contents/Home/jre/lib/endorsed"/>
    <property name="os.arch" value="x86_64"/>
    <property name="surefire.real.class.path" value="/Users/zhongxiang/Documents/workspace/WebCollector/target/surefire/surefirebooter8270701724574497099.jar"/>
    <property name="java.io.tmpdir" value="/var/folders/5d/9mm6j16529n9dc9mkn5v93gm0000gn/T/"/>
    <property name="line.separator" value="
"/>
    <property name="java.vm.specification.vendor" value="Oracle Corporation"/>
    <property name="os.name" value="Mac OS X"/>
    <property name="net.sourceforge.cobertura.datafile" value="target/cobertura/cobertura.ser"/>
    <property name="sun.jnu.encoding" value="UTF-8"/>
    <property name="java.library.path" value="/Users/zhongxiang/Library/Java/Extensions:/Library/Java/Extensions:/Network/Library/Java/Extensions:/System/Library/Java/Extensions:/usr/lib/java:."/>
    <property name="surefire.test.class.path" value="/Users/zhongxiang/Documents/workspace/WebCollector/target/test-classes:/Users/zhongxiang/Documents/workspace/WebCollector/target/classes:/Users/zhongxiang/.m2/repository/org/jsoup/jsoup/1.8.3/jsoup-1.8.3.jar:/Users/zhongxiang/.m2/repository/com/googlecode/juniversalchardet/juniversalchardet/1.0.3/juniversalchardet-1.0.3.jar:/Users/zhongxiang/.m2/repository/log4j/log4j/1.2.17/log4j-1.2.17.jar:/Users/zhongxiang/.m2/repository/junit/junit/4.11/junit-4.11.jar:/Users/zhongxiang/.m2/repository/org/hamcrest/hamcrest-core/1.3/hamcrest-core-1.3.jar:/Users/zhongxiang/.m2/repository/org/json/json/20140107/json-20140107.jar:/Users/zhongxiang/.m2/repository/com/sleepycat/je/5.0.73/je-5.0.73.jar:/Users/zhongxiang/.m2/repository/org/slf4j/slf4j-api/1.7.9/slf4j-api-1.7.9.jar:/Users/zhongxiang/.m2/repository/org/slf4j/slf4j-log4j12/1.7.9/slf4j-log4j12-1.7.9.jar:/Users/zhongxiang/.m2/repository/org/mongodb/mongo-java-driver/3.2.2/mongo-java-driver-3.2.2.jar:/Users/zhongxiang/.m2/repository/org/seleniumhq/selenium/selenium-java/2.44.0/selenium-java-2.44.0.jar:/Users/zhongxiang/.m2/repository/org/seleniumhq/selenium/selenium-chrome-driver/2.44.0/selenium-chrome-driver-2.44.0.jar:/Users/zhongxiang/.m2/repository/org/seleniumhq/selenium/selenium-remote-driver/2.44.0/selenium-remote-driver-2.44.0.jar:/Users/zhongxiang/.m2/repository/cglib/cglib-nodep/2.1_3/cglib-nodep-2.1_3.jar:/Users/zhongxiang/.m2/repository/com/google/code/gson/gson/2.3/gson-2.3.jar:/Users/zhongxiang/.m2/repository/org/seleniumhq/selenium/selenium-api/2.44.0/selenium-api-2.44.0.jar:/Users/zhongxiang/.m2/repository/com/google/guava/guava/18.0/guava-18.0.jar:/Users/zhongxiang/.m2/repository/org/seleniumhq/selenium/selenium-htmlunit-driver/2.44.0/selenium-htmlunit-driver-2.44.0.jar:/Users/zhongxiang/.m2/repository/net/sourceforge/htmlunit/htmlunit/2.15/htmlunit-2.15.jar:/Users/zhongxiang/.m2/repository/xalan/xalan/2.7.1/xalan-2.7.1.jar:/Users/zhongxiang/.m2/repository/xalan/serializer/2.7.1/serializer-2.7.1.jar:/Users/zhongxiang/.m2/repository/commons-collections/commons-collections/3.2.1/commons-collections-3.2.1.jar:/Users/zhongxiang/.m2/repository/org/apache/commons/commons-lang3/3.3.2/commons-lang3-3.3.2.jar:/Users/zhongxiang/.m2/repository/org/apache/httpcomponents/httpmime/4.3.3/httpmime-4.3.3.jar:/Users/zhongxiang/.m2/repository/commons-codec/commons-codec/1.9/commons-codec-1.9.jar:/Users/zhongxiang/.m2/repository/net/sourceforge/htmlunit/htmlunit-core-js/2.15/htmlunit-core-js-2.15.jar:/Users/zhongxiang/.m2/repository/xerces/xercesImpl/2.11.0/xercesImpl-2.11.0.jar:/Users/zhongxiang/.m2/repository/xml-apis/xml-apis/1.4.01/xml-apis-1.4.01.jar:/Users/zhongxiang/.m2/repository/net/sourceforge/nekohtml/nekohtml/1.9.21/nekohtml-1.9.21.jar:/Users/zhongxiang/.m2/repository/net/sourceforge/cssparser/cssparser/0.9.14/cssparser-0.9.14.jar:/Users/zhongxiang/.m2/repository/org/w3c/css/sac/1.3/sac-1.3.jar:/Users/zhongxiang/.m2/repository/commons-logging/commons-logging/1.1.3/commons-logging-1.1.3.jar:/Users/zhongxiang/.m2/repository/org/eclipse/jetty/jetty-websocket/8.1.15.v20140411/jetty-websocket-8.1.15.v20140411.jar:/Users/zhongxiang/.m2/repository/org/eclipse/jetty/jetty-util/8.1.15.v20140411/jetty-util-8.1.15.v20140411.jar:/Users/zhongxiang/.m2/repository/org/eclipse/jetty/jetty-io/8.1.15.v20140411/jetty-io-8.1.15.v20140411.jar:/Users/zhongxiang/.m2/repository/org/eclipse/jetty/jetty-http/8.1.15.v20140411/jetty-http-8.1.15.v20140411.jar:/Users/zhongxiang/.m2/repository/org/apache/httpcomponents/httpclient/4.3.4/httpclient-4.3.4.jar:/Users/zhongxiang/.m2/repository/org/apache/httpcomponents/httpcore/4.3.2/httpcore-4.3.2.jar:/Users/zhongxiang/.m2/repository/org/seleniumhq/selenium/selenium-firefox-driver/2.44.0/selenium-firefox-driver-2.44.0.jar:/Users/zhongxiang/.m2/repository/commons-io/commons-io/2.4/commons-io-2.4.jar:/Users/zhongxiang/.m2/repository/org/apache/commons/commons-exec/1.1/commons-exec-1.1.jar:/Users/zhongxiang/.m2/repository/org/seleniumhq/selenium/selenium-ie-driver/2.44.0/selenium-ie-driver-2.44.0.jar:/Users/zhongxiang/.m2/repository/net/java/dev/jna/jna/3.4.0/jna-3.4.0.jar:/Users/zhongxiang/.m2/repository/net/java/dev/jna/platform/3.4.0/platform-3.4.0.jar:/Users/zhongxiang/.m2/repository/org/seleniumhq/selenium/selenium-safari-driver/2.44.0/selenium-safari-driver-2.44.0.jar:/Users/zhongxiang/.m2/repository/org/seleniumhq/selenium/selenium-support/2.44.0/selenium-support-2.44.0.jar:/Users/zhongxiang/.m2/repository/org/webbitserver/webbit/0.4.14/webbit-0.4.14.jar:/Users/zhongxiang/.m2/repository/io/netty/netty/3.5.2.Final/netty-3.5.2.Final.jar:"/>
    <property name="java.specification.name" value="Java Platform API Specification"/>
    <property name="java.class.version" value="52.0"/>
    <property name="sun.management.compiler" value="HotSpot 64-Bit Tiered Compilers"/>
    <property name="os.version" value="10.11.5"/>
    <property name="http.nonProxyHosts" value="local|*.local|169.254/16|*.169.254/16"/>
    <property name="user.home" value="/Users/zhongxiang"/>
    <property name="user.timezone" value="Asia/Shanghai"/>
    <property name="java.awt.printerjob" value="sun.lwawt.macosx.CPrinterJob"/>
    <property name="java.specification.version" value="1.8"/>
    <property name="file.encoding" value="UTF-8"/>
    <property name="user.name" value="zhongxiang"/>
    <property name="java.class.path" value="/Users/zhongxiang/Documents/workspace/WebCollector/target/test-classes:/Users/zhongxiang/Documents/workspace/WebCollector/target/classes:/Users/zhongxiang/.m2/repository/org/jsoup/jsoup/1.8.3/jsoup-1.8.3.jar:/Users/zhongxiang/.m2/repository/com/googlecode/juniversalchardet/juniversalchardet/1.0.3/juniversalchardet-1.0.3.jar:/Users/zhongxiang/.m2/repository/log4j/log4j/1.2.17/log4j-1.2.17.jar:/Users/zhongxiang/.m2/repository/junit/junit/4.11/junit-4.11.jar:/Users/zhongxiang/.m2/repository/org/hamcrest/hamcrest-core/1.3/hamcrest-core-1.3.jar:/Users/zhongxiang/.m2/repository/org/json/json/20140107/json-20140107.jar:/Users/zhongxiang/.m2/repository/com/sleepycat/je/5.0.73/je-5.0.73.jar:/Users/zhongxiang/.m2/repository/org/slf4j/slf4j-api/1.7.9/slf4j-api-1.7.9.jar:/Users/zhongxiang/.m2/repository/org/slf4j/slf4j-log4j12/1.7.9/slf4j-log4j12-1.7.9.jar:/Users/zhongxiang/.m2/repository/org/mongodb/mongo-java-driver/3.2.2/mongo-java-driver-3.2.2.jar:/Users/zhongxiang/.m2/repository/org/seleniumhq/selenium/selenium-java/2.44.0/selenium-java-2.44.0.jar:/Users/zhongxiang/.m2/repository/org/seleniumhq/selenium/selenium-chrome-driver/2.44.0/selenium-chrome-driver-2.44.0.jar:/Users/zhongxiang/.m2/repository/org/seleniumhq/selenium/selenium-remote-driver/2.44.0/selenium-remote-driver-2.44.0.jar:/Users/zhongxiang/.m2/repository/cglib/cglib-nodep/2.1_3/cglib-nodep-2.1_3.jar:/Users/zhongxiang/.m2/repository/com/google/code/gson/gson/2.3/gson-2.3.jar:/Users/zhongxiang/.m2/repository/org/seleniumhq/selenium/selenium-api/2.44.0/selenium-api-2.44.0.jar:/Users/zhongxiang/.m2/repository/com/google/guava/guava/18.0/guava-18.0.jar:/Users/zhongxiang/.m2/repository/org/seleniumhq/selenium/selenium-htmlunit-driver/2.44.0/selenium-htmlunit-driver-2.44.0.jar:/Users/zhongxiang/.m2/repository/net/sourceforge/htmlunit/htmlunit/2.15/htmlunit-2.15.jar:/Users/zhongxiang/.m2/repository/xalan/xalan/2.7.1/xalan-2.7.1.jar:/Users/zhongxiang/.m2/repository/xalan/serializer/2.7.1/serializer-2.7.1.jar:/Users/zhongxiang/.m2/repository/commons-collections/commons-collections/3.2.1/commons-collections-3.2.1.jar:/Users/zhongxiang/.m2/repository/org/apache/commons/commons-lang3/3.3.2/commons-lang3-3.3.2.jar:/Users/zhongxiang/.m2/repository/org/apache/httpcomponents/httpmime/4.3.3/httpmime-4.3.3.jar:/Users/zhongxiang/.m2/repository/commons-codec/commons-codec/1.9/commons-codec-1.9.jar:/Users/zhongxiang/.m2/repository/net/sourceforge/htmlunit/htmlunit-core-js/2.15/htmlunit-core-js-2.15.jar:/Users/zhongxiang/.m2/repository/xerces/xercesImpl/2.11.0/xercesImpl-2.11.0.jar:/Users/zhongxiang/.m2/repository/xml-apis/xml-apis/1.4.01/xml-apis-1.4.01.jar:/Users/zhongxiang/.m2/repository/net/sourceforge/nekohtml/nekohtml/1.9.21/nekohtml-1.9.21.jar:/Users/zhongxiang/.m2/repository/net/sourceforge/cssparser/cssparser/0.9.14/cssparser-0.9.14.jar:/Users/zhongxiang/.m2/repository/org/w3c/css/sac/1.3/sac-1.3.jar:/Users/zhongxiang/.m2/repository/commons-logging/commons-logging/1.1.3/commons-logging-1.1.3.jar:/Users/zhongxiang/.m2/repository/org/eclipse/jetty/jetty-websocket/8.1.15.v20140411/jetty-websocket-8.1.15.v20140411.jar:/Users/zhongxiang/.m2/repository/org/eclipse/jetty/jetty-util/8.1.15.v20140411/jetty-util-8.1.15.v20140411.jar:/Users/zhongxiang/.m2/repository/org/eclipse/jetty/jetty-io/8.1.15.v20140411/jetty-io-8.1.15.v20140411.jar:/Users/zhongxiang/.m2/repository/org/eclipse/jetty/jetty-http/8.1.15.v20140411/jetty-http-8.1.15.v20140411.jar:/Users/zhongxiang/.m2/repository/org/apache/httpcomponents/httpclient/4.3.4/httpclient-4.3.4.jar:/Users/zhongxiang/.m2/repository/org/apache/httpcomponents/httpcore/4.3.2/httpcore-4.3.2.jar:/Users/zhongxiang/.m2/repository/org/seleniumhq/selenium/selenium-firefox-driver/2.44.0/selenium-firefox-driver-2.44.0.jar:/Users/zhongxiang/.m2/repository/commons-io/commons-io/2.4/commons-io-2.4.jar:/Users/zhongxiang/.m2/repository/org/apache/commons/commons-exec/1.1/commons-exec-1.1.jar:/Users/zhongxiang/.m2/repository/org/seleniumhq/selenium/selenium-ie-driver/2.44.0/selenium-ie-driver-2.44.0.jar:/Users/zhongxiang/.m2/repository/net/java/dev/jna/jna/3.4.0/jna-3.4.0.jar:/Users/zhongxiang/.m2/repository/net/java/dev/jna/platform/3.4.0/platform-3.4.0.jar:/Users/zhongxiang/.m2/repository/org/seleniumhq/selenium/selenium-safari-driver/2.44.0/selenium-safari-driver-2.44.0.jar:/Users/zhongxiang/.m2/repository/org/seleniumhq/selenium/selenium-support/2.44.0/selenium-support-2.44.0.jar:/Users/zhongxiang/.m2/repository/org/webbitserver/webbit/0.4.14/webbit-0.4.14.jar:/Users/zhongxiang/.m2/repository/io/netty/netty/3.5.2.Final/netty-3.5.2.Final.jar:"/>
    <property name="java.vm.specification.version" value="1.8"/>
    <property name="sun.arch.data.model" value="64"/>
    <property name="java.home" value="/Library/Java/JavaVirtualMachines/jdk1.8.0_40.jdk/Contents/Home/jre"/>
    <property name="sun.java.command" value="/Users/zhongxiang/Documents/workspace/WebCollector/target/surefire/surefirebooter8270701724574497099.jar /Users/zhongxiang/Documents/workspace/WebCollector/target/surefire/surefire8971997989177982477tmp /Users/zhongxiang/Documents/workspace/WebCollector/target/surefire/surefire503043410612676671tmp"/>
    <property name="java.specification.vendor" value="Oracle Corporation"/>
    <property name="user.language" value="zh"/>
    <property name="awt.toolkit" value="sun.lwawt.macosx.LWCToolkit"/>
    <property name="java.vm.info" value="mixed mode"/>
    <property name="java.version" value="1.8.0_40"/>
    <property name="java.ext.dirs" value="/Users/zhongxiang/Library/Java/Extensions:/Library/Java/JavaVirtualMachines/jdk1.8.0_40.jdk/Contents/Home/jre/lib/ext:/Library/Java/Extensions:/Network/Library/Java/Extensions:/System/Library/Java/Extensions:/usr/lib/java"/>
    <property name="sun.boot.class.path" value="/Library/Java/JavaVirtualMachines/jdk1.8.0_40.jdk/Contents/Home/jre/lib/resources.jar:/Library/Java/JavaVirtualMachines/jdk1.8.0_40.jdk/Contents/Home/jre/lib/rt.jar:/Library/Java/JavaVirtualMachines/jdk1.8.0_40.jdk/Contents/Home/jre/lib/sunrsasign.jar:/Library/Java/JavaVirtualMachines/jdk1.8.0_40.jdk/Contents/Home/jre/lib/jsse.jar:/Library/Java/JavaVirtualMachines/jdk1.8.0_40.jdk/Contents/Home/jre/lib/jce.jar:/Library/Java/JavaVirtualMachines/jdk1.8.0_40.jdk/Contents/Home/jre/lib/charsets.jar:/Library/Java/JavaVirtualMachines/jdk1.8.0_40.jdk/Contents/Home/jre/lib/jfr.jar:/Library/Java/JavaVirtualMachines/jdk1.8.0_40.jdk/Contents/Home/jre/classes"/>
    <property name="java.vendor" value="Oracle Corporation"/>
    <property name="localRepository" value="/Users/zhongxiang/.m2/repository"/>
    <property name="file.separator" value="/"/>
    <property name="java.vendor.url.bug" value="http://bugreport.sun.com/bugreport/"/>
    <property name="sun.cpu.endian" value="little"/>
    <property name="sun.io.unicode.encoding" value="UnicodeBig"/>
    <property name="socksNonProxyHosts" value="local|*.local|169.254/16|*.169.254/16"/>
    <property name="ftp.nonProxyHosts" value="local|*.local|169.254/16|*.169.254/16"/>
    <property name="sun.cpu.isalist" value=""/>
  </properties>
  <testcase classname="cn.edu.hfut.dmic.webcollector.util.CharsetDetectorTest" name="testGuessEncodingByMozilla" time="0.079"/>
  <testcase classname="cn.edu.hfut.dmic.webcollector.util.CharsetDetectorTest" name="testGuessEncoding" time="0.001"/>
</testsuite>